<?xml version="1.0" encoding="UTF-8"?>
<!-- Generated by org.testng.reporters.JUnitReportReporter -->
<testsuite hostname="DESKTOP-V3061FL" failures="0" tests="1" name="test.TC004_TitleValidation" time="57.636" errors="0" timestamp="2024-03-28T11:51:32 IST" skipped="0">
  <testcase classname="test.TC004_TitleValidation" name="titleValidation" time="57.636"/>
  <system-out/>
</testsuite> <!-- test.TC004_TitleValidation -->
