<?xml version="1.0" encoding="UTF-8"?>
<!-- Generated by org.testng.reporters.JUnitReportReporter -->
<testsuite hostname="DESKTOP-V3061FL" failures="0" tests="4" name="test.TC001_LoginTest" time="102.966" errors="0" timestamp="2024-03-28T11:51:32 IST" skipped="0">
  <testcase classname="test.TC001_LoginTest" name="logintest" time="21.671"/>
  <system-out/>
  <testcase classname="test.TC001_LoginTest" name="logintest" time="22.800"/>
  <system-out/>
  <testcase classname="test.TC001_LoginTest" name="logintest" time="38.280"/>
  <system-out/>
  <testcase classname="test.TC001_LoginTest" name="logintest" time="20.215"/>
  <system-out/>
</testsuite> <!-- test.TC001_LoginTest -->
