<?xml version="1.0" encoding="UTF-8"?>
<!-- Generated by org.testng.reporters.JUnitReportReporter -->
<testsuite hostname="DESKTOP-V3061FL" failures="0" tests="4" name="test.TC002_SignupPageTest" time="145.721" errors="0" timestamp="2024-03-28T13:44:30 IST" skipped="0">
  <testcase classname="test.TC002_SignupPageTest" name="signup" time="35.841"/>
  <system-out/>
  <testcase classname="test.TC002_SignupPageTest" name="signup" time="28.976"/>
  <system-out/>
  <testcase classname="test.TC002_SignupPageTest" name="signup" time="37.733"/>
  <system-out/>
  <testcase classname="test.TC002_SignupPageTest" name="signup" time="43.171"/>
  <system-out/>
</testsuite> <!-- test.TC002_SignupPageTest -->
