<?xml version="1.0" encoding="UTF-8"?>
<!-- Generated by org.testng.reporters.JUnitReportReporter -->
<testsuite hostname="DESKTOP-V3061FL" failures="0" tests="1" name="test.TC007_HeadlessBrowser" time="7.579" errors="0" timestamp="2024-03-26T20:59:08 IST" skipped="0">
  <testcase classname="test.TC007_HeadlessBrowser" name="headless" time="7.579"/>
</testsuite> <!-- test.TC007_HeadlessBrowser -->
