<?xml version="1.0" encoding="UTF-8"?>
<!-- Generated by org.testng.reporters.JUnitReportReporter -->
<testsuite hostname="DESKTOP-V3061FL" failures="0" tests="1" name="test.TC003_BrokenURL" time="120.047" errors="0" timestamp="2024-03-28T15:19:29 IST" skipped="0">
  <testcase classname="test.TC003_BrokenURL" name="brokenURL" time="120.047"/>
</testsuite> <!-- test.TC003_BrokenURL -->
