<?xml version="1.0" encoding="UTF-8"?>
<!-- Generated by org.testng.reporters.JUnitReportReporter -->
<testsuite hostname="DESKTOP-V3061FL" failures="0" tests="1" name="test.TC005_BottomURLValidation" time="48.321" errors="0" timestamp="2024-03-28T15:19:29 IST" skipped="0">
  <testcase classname="test.TC005_BottomURLValidation" name="bottomURL" time="48.321"/>
</testsuite> <!-- test.TC005_BottomURLValidation -->
