<?xml version="1.0" encoding="UTF-8"?>
<!-- Generated by org.testng.reporters.JUnitReportReporter -->
<testsuite hostname="DESKTOP-V3061FL" failures="0" tests="4" name="test.TC001_LoginTest" time="110.350" errors="0" timestamp="2024-03-28T15:19:29 IST" skipped="0">
  <testcase classname="test.TC001_LoginTest" name="logintest" time="23.346"/>
  <testcase classname="test.TC001_LoginTest" name="logintest" time="27.341"/>
  <testcase classname="test.TC001_LoginTest" name="logintest" time="36.900"/>
  <testcase classname="test.TC001_LoginTest" name="logintest" time="22.763"/>
</testsuite> <!-- test.TC001_LoginTest -->
